<?xml version="1.0" encoding="UTF-8"?>
<!-- Generated by org.testng.reporters.JUnitReportReporter -->
<testsuite hostname="RSB" failures="0" tests="6" name="com.pond.test.AppTest" time="93.013" errors="0" timestamp="11 May 2023 12:29:27 GMT" skipped="0">
  <testcase classname="com.pond.test.AppTest" name="CreatePondDisplayTest" time="9.562"/>
  <testcase classname="com.pond.test.AppTest" name="updatePond" time="10.333"/>
  <testcase classname="com.pond.test.AppTest" name="updateFish" time="13.156"/>
  <testcase classname="com.pond.test.AppTest" name="deletePond" time="9.894"/>
  <testcase classname="com.pond.test.AppTest" name="createFish" time="10.142"/>
  <testcase classname="com.pond.test.AppTest" name="deleteFish" time="39.926"/>
</testsuite> <!-- com.pond.test.AppTest -->
